C51 COMPILER V9.59.0.0   MAIN                                                              03/20/2024 21:09:58 PAGE 1   


C51 COMPILER V9.59.0.0, COMPILATION OF MODULE MAIN
OBJECT MODULE PLACED IN .\Objects\main.obj
COMPILER INVOKED BY: D:\software\Keil_v5\C51\BIN\C51.EXE main.c OPTIMIZE(8,SPEED) BROWSE DEBUG OBJECTEXTEND PRINT(.\List
                    -ings\main.lst) TABS(2) OBJECT(.\Objects\main.obj)

line level    source

   1          #include <REGX52.H>
   2          
   3          void main()
   4          {
   5   1        while(1)
   6   1        {
   7   2          if(P3_1==0 || P3_0==0)  //如果K1按键或K2按键按下
   8   2          {
   9   3            P2_0=0;   //LED1输出0，点亮
  10   3          }
  11   2          else
  12   2          {
  13   3            P2_0=1;   //LED1输出1，熄灭
  14   3          }
  15   2        }
  16   1      }


MODULE INFORMATION:   STATIC OVERLAYABLE
   CODE SIZE        =     14    ----
   CONSTANT SIZE    =   ----    ----
   XDATA SIZE       =   ----    ----
   PDATA SIZE       =   ----    ----
   DATA SIZE        =   ----    ----
   IDATA SIZE       =   ----    ----
   BIT SIZE         =   ----    ----
END OF MODULE INFORMATION.


C51 COMPILATION COMPLETE.  0 WARNING(S),  0 ERROR(S)
